2024/07/08 21:34:39 start.go:36: server start
2024/07/08 21:34:55 start.go:36: server start
2024/07/08 21:35:14 start.go:36: server start
2024/07/08 21:41:57 server.go:30: start with: http://[::]:8080
2024/07/08 21:41:57 start.go:43: server start
2024/07/08 21:51:14 server.go:30: start with: http://[::]:8080
2024/07/08 21:51:14 start.go:36: server start
2024/07/08 21:53:03 server.go:25: failed to listen port 8080: listen localhost: unknown network localhost
2024/07/08 21:53:35 server.go:30: start with: http://[::]:8080
2024/07/08 21:53:35 start.go:36: server start
2024/07/08 22:05:05 server.go:31: start with: http://[::]:8080
2024/07/08 22:05:05 start.go:36: server start
2024/07/08 22:10:22 server.go:31: start with: http://[::]:8080
2024/07/08 22:10:22 start.go:36: server start
2024/07/08 22:11:42 server.go:31: start with: http://[::]:8080
2024/07/08 22:11:42 start.go:36: server start
2024/07/08 22:12:45 server.go:31: start with: http://[::]:8080
2024/07/08 22:12:45 start.go:36: server start
2024/07/09 22:29:24 start.go:46: Log config: &{LogFile:store-controller.log}
2024/07/09 22:29:24 start.go:47: Server config: &{Hostname:localhost Port:8080 Static:./views}
2024/07/09 22:29:24 server.go:54: server started
2024/07/09 22:50:38 start.go:46: Log config: &{LogFile:store-controller.log}
2024/07/09 22:50:38 start.go:47: Server config: &{Hostname:localhost Port:8080 Static:./views}
2024/07/09 22:50:38 server.go:54: server started
2024/07/09 22:51:06 server.go:68: server stopped
2024/07/21 16:27:21 start.go:46: Log config: &{LogFile:store-controller.log}
2024/07/21 16:27:21 start.go:47: Server config: &{Port:8080 Static:./views}
2024/07/21 16:27:21 server.go:59: server started
2024/07/21 16:28:05 server.go:56: server terminated http: Server closed
2024/07/25 22:09:57 start.go:46: Log config: &{LogFile:store-controller.log}
2024/07/25 22:09:57 start.go:47: Server config: &{Port:8080 Static:./views}
2024/07/25 22:09:57 server.go:59: server started
2024/07/25 22:14:30 server.go:56: server terminated http: Server closed
2024/07/25 22:24:11 start.go:46: Log config: &{LogFile:store-controller.log}
2024/07/25 22:24:11 start.go:47: Server config: &{Port:8080 Static:./views}
2024/07/25 22:24:11 server.go:59: server started
2024/07/25 22:27:05 server.go:56: server terminated http: Server closed
2024/07/25 22:27:21 start.go:46: Log config: &{LogFile:store-controller.log}
2024/07/25 22:27:21 start.go:47: Server config: &{Port:8080 Static:./views}
2024/07/25 22:27:21 server.go:59: server started
2024/07/25 22:27:31 server.go:56: server terminated http: Server closed
2024/07/25 22:27:54 start.go:46: Log config: &{LogFile:store-controller.log}
2024/07/25 22:27:54 start.go:47: Server config: &{Port:8080 Static:./views}
2024/07/25 22:27:54 server.go:59: server started
2024/07/25 22:28:07 server.go:56: server terminated http: Server closed
2024/07/28 18:21:25 start.go:46: Log config: &{LogFile:store-controller.log}
2024/07/28 18:21:25 start.go:47: Server config: &{Port:8080 Static:./views}
2024/07/28 18:21:25 server.go:59: server started
2024/07/28 18:22:11 server.go:56: server terminated http: Server closed
2024/10/05 13:41:24 start.go:46: Log config: &{LogFile:store-controller.log}
2024/10/05 13:41:24 start.go:47: Server config: &{Port:8080 Static:./views}
2024/10/05 13:41:24 server.go:59: server started
2024/10/05 13:41:49 server.go:56: server terminated http: Server closed
2024/10/05 13:41:54 start.go:46: Log config: &{LogFile:store-controller.log}
2024/10/05 13:41:54 start.go:47: Server config: &{Port:8080 Static:./views}
2024/10/05 13:41:54 server.go:59: server started
2024/10/05 13:42:33 server.go:56: server terminated http: Server closed
2024/10/27 10:55:45 start.go:46: Log config: &{LogFile:store-controller.log}
2024/10/27 10:55:45 start.go:47: Server config: &{Port:8080 Static:./views}
2024/10/27 10:55:45 server.go:59: server started
2024/10/27 10:57:07 server.go:56: server terminated http: Server closed
2024/10/27 10:58:11 start.go:46: Log config: &{LogFile:store-controller.log}
2024/10/27 10:58:11 start.go:47: Server config: &{Port:8080 Static:./views}
2024/10/27 10:58:11 server.go:59: server started
2024/10/27 10:58:58 server.go:56: server terminated http: Server closed
