2024/07/21 17:19:28 start.go:46: Log config: &{LogFile:product-manager.log}
2024/07/21 17:19:28 start.go:47: Server config: &{Port:8080}
2024/07/21 17:19:28 server.go:56: server started
2024/07/21 17:19:34 server.go:67: server stopped
2024/07/25 22:07:22 start.go:46: Log config: &{LogFile:product-manager.log}
2024/07/25 22:07:22 start.go:47: Server config: &{Port:8081}
2024/07/25 22:07:22 server.go:56: server started
2024/07/25 22:14:35 server.go:67: server stopped
2024/07/25 22:19:03 start.go:46: Log config: &{LogFile:product-manager.log}
2024/07/25 22:19:03 start.go:47: Server config: &{Port:8081}
2024/07/25 22:19:03 server.go:56: server started
2024/07/25 22:22:51 server.go:67: server stopped
2024/07/25 22:22:55 start.go:46: Log config: &{LogFile:product-manager.log}
2024/07/25 22:22:55 start.go:47: Server config: &{Port:8081}
2024/07/25 22:22:55 server.go:56: server started
2024/07/25 22:23:07 server.go:67: server stopped
2024/07/25 22:27:21 start.go:46: Log config: &{LogFile:product-manager.log}
2024/07/25 22:27:21 start.go:47: Server config: &{Port:8081}
2024/07/25 22:27:21 server.go:56: server started
2024/07/25 22:27:29 server.go:67: server stopped
2024/07/25 22:27:54 start.go:46: Log config: &{LogFile:product-manager.log}
2024/07/25 22:27:54 start.go:47: Server config: &{Port:8081}
2024/07/25 22:27:54 server.go:56: server started
2024/07/25 22:28:05 server.go:67: server stopped
2024/07/26 18:11:04 start.go:46: Log config: &{LogFile:product-manager.log}
2024/07/26 18:11:04 start.go:47: Server config: &{Port:8081}
2024/07/26 18:11:04 start.go:48: Db config: &{Hostname:localhost Port:3306 User:mysql Password:Passw0rd! DbName:yorushika_product}
2024/07/26 18:11:04 server.go:56: server started
2024/07/26 18:11:16 server.go:67: server stopped
2024/07/26 18:16:41 start.go:52: Log config: &{LogFile:product-manager.log}
2024/07/26 18:16:41 start.go:53: Server config: &{Port:8081}
2024/07/26 18:16:41 database.go:40: Database connected
2024/07/26 18:16:41 server.go:59: server started
2024/07/26 18:17:32 server.go:70: server stopped
2024/07/28 17:30:17 start.go:59: Log config: &{LogFile:product-manager.log}
2024/07/28 17:30:17 start.go:60: Server config: &{Port:8081}
2024/07/28 17:30:17 database.go:40: Database connected
2024/07/28 17:30:17 database.go:63: AutoMigrated database
2024/07/28 17:30:17 server.go:59: server started
2024/07/28 18:03:38 server.go:70: server stopped
2024/07/28 18:03:44 start.go:59: Log config: &{LogFile:product-manager.log}
2024/07/28 18:03:44 start.go:60: Server config: &{Port:8081}
2024/07/28 18:03:44 database.go:40: Database connected
2024/07/28 18:03:44 server.go:59: server started
2024/07/28 18:04:29 server.go:70: server stopped
2024/07/28 18:04:57 start.go:68: Log config: &{LogFile:product-manager.log}
2024/07/28 18:04:57 start.go:69: Server config: &{Port:8081}
2024/07/28 18:04:57 database.go:40: Database connected
2024/07/28 18:04:57 product_repository.go:25: created product. count: 1
2024/07/28 18:04:57 server.go:59: server started
2024/07/28 18:05:13 server.go:70: server stopped
2024/07/28 18:21:15 start.go:59: Log config: &{LogFile:product-manager.log}
2024/07/28 18:21:15 start.go:60: Server config: &{Port:8081}
2024/07/28 18:21:15 database.go:40: Database connected
2024/07/28 18:21:15 server.go:59: server started
2024/07/28 18:21:58 product_repository.go:37: list products. count: 1
2024/07/28 18:22:18 server.go:70: server stopped
2024/10/05 13:42:03 start.go:59: Log config: &{LogFile:product-manager.log}
2024/10/05 13:42:03 start.go:60: Server config: &{Port:8081}
2024/10/05 13:42:03 database.go:40: Database connected
2024/10/05 13:42:03 server.go:59: server started
2024/10/05 13:42:04 product_repository.go:37: list products. count: 1
2024/10/05 13:42:04 product_repository.go:37: list products. count: 1
2024/10/05 13:42:30 server.go:70: server stopped
2024/10/27 10:55:59 start.go:59: Log config: &{LogFile:product-manager.log}
2024/10/27 10:55:59 start.go:60: Server config: &{Port:8081}
2024/10/27 10:55:59 database.go:40: Database connected
2024/10/27 10:55:59 server.go:59: server started
2024/10/27 10:56:13 product_repository.go:37: list products. count: 1
2024/10/27 10:57:25 server.go:70: server stopped
2024/11/06 19:40:50 start.go:59: Log config: &{LogFile:product-manager.log}
2024/11/06 19:40:50 start.go:60: Server config: &{Port:8081}
2024/11/06 19:40:50 database.go:35: mysql:Passw0rd!@tcp(localhost:3306)/yorushika_product?charset=utf8mb4&parseTime=True&loc=Local
2024/11/06 19:40:50 database.go:36: Waiting for MySQL container to
2024/11/06 19:40:50 database.go:42: Database connected
2024/11/06 19:40:50 server.go:59: server started
2024/11/06 19:40:57 server.go:70: server stopped
2024/11/06 19:43:14 start.go:59: Log config: &{LogFile:product-manager.log}
2024/11/06 19:43:14 start.go:60: Server config: &{Port:8081}
2024/11/06 19:43:14 database.go:35: mysql:Passw0rd!@tcp(localhost:3306)/yorushika_product?charset=utf8mb4&parseTime=True&loc=Local
2024/11/06 19:43:14 database.go:36: Waiting for MySQL container to
2024/11/06 19:43:14 database.go:42: Database connected
2024/11/06 19:43:14 server.go:59: server started
2024/11/06 19:43:21 server.go:70: server stopped
2024/11/06 19:44:49 start.go:59: Log config: &{LogFile:product-manager.log}
2024/11/06 19:44:49 start.go:60: Server config: &{Port:8081}
2024/11/06 19:44:49 database.go:35: mysql:Passw0rd!@tcp(localhost:3306)/yorushika_product?charset=utf8mb4&parseTime=True&loc=Local
2024/11/06 19:44:49 database.go:36: Waiting for MySQL container to
2024/11/06 19:44:49 database.go:42: Database connected
2024/11/06 19:44:49 server.go:59: server started
2024/11/06 19:45:19 server.go:70: server stopped
2024/11/06 21:25:36 start.go:59: Log config: &{LogFile:product-manager.log}
2024/11/06 21:25:36 start.go:60: Server config: &{Port:8081}
2024/11/06 21:25:36 database.go:35: mysql:Passw0rd!@tcp(localhost:3306)/yorushika_product?charset=utf8mb4&parseTime=True&loc=Local
2024/11/06 21:25:36 database.go:36: Waiting for MySQL container to
2024/11/06 21:25:36 database.go:42: Database connected
2024/11/06 21:25:36 server.go:59: server started
2024/11/06 21:25:59 product_repository.go:37: list products. count: 1
2024/11/06 21:26:08 server.go:70: server stopped
2024/11/07 20:17:57 start.go:59: Log config: &{LogFile:product-manager.log}
2024/11/07 20:17:57 start.go:60: Server config: &{Port:8081}
2024/11/07 20:17:57 database.go:35: mysql:Passw0rd!@tcp(localhost:3306)/yorushika_product?charset=utf8mb4&parseTime=True&loc=Local
2024/11/07 20:17:57 database.go:36: Waiting for MySQL container to
2024/11/07 20:17:57 database.go:42: Database connected
2024/11/07 20:17:57 server.go:59: server started
2024/11/07 20:19:10 product_repository.go:37: list products. count: 1
2024/11/07 20:19:57 server.go:70: server stopped
2024/11/07 22:20:38 start.go:59: Log config: &{LogFile:product-manager.log}
2024/11/07 22:20:38 start.go:60: Server config: &{Port:8081}
2024/11/07 22:20:38 database.go:35: mysql:Passw0rd!@tcp(localhost:3306)/yorushika_product?charset=utf8mb4&parseTime=True&loc=Local
2024/11/07 22:20:38 database.go:36: Waiting for MySQL container to
2024/11/07 22:20:38 database.go:41: Database connected
2024/11/07 22:20:38 server.go:59: server started
2024/11/07 22:21:26 server.go:70: server stopped
2024/11/07 22:22:01 start.go:59: Log config: &{LogFile:product-manager.log}
2024/11/07 22:22:01 start.go:60: Server config: &{Port:8081}
2024/11/07 22:22:01 database.go:35: mysql:Passw0rd!@tcp(localhost:3306)/yorushika_product?charset=utf8mb4&parseTime=True&loc=Local
2024/11/07 22:22:01 database.go:36: Waiting for MySQL container to
2024/11/07 22:22:01 database.go:41: Database connected
2024/11/07 22:22:01 server.go:59: server started
2024/11/07 22:22:26 product_repository.go:37: list products. count: 1
2024/11/07 22:22:35 server.go:70: server stopped
